
> retail-store-backend@0.0.1 start:dev
> nest start --watch

[2J[3J[H[[90m2:38:41 AM[0m] Starting compilation in watch mode...

[[90m2:39:48 AM[0m] Found 0 errors. Watching for file changes.

node:internal/modules/cjs/loader:1247
  throw err;
  ^

Error: Cannot find module '../generated/master-client'
Require stack:
- C:\Users\hp\Desktop\RetailStore\backend\dist\src\prisma\master-prisma.service.js
- C:\Users\hp\Desktop\RetailStore\backend\dist\src\prisma\prisma.module.js
- C:\Users\hp\Desktop\RetailStore\backend\dist\src\app.module.js
- C:\Users\hp\Desktop\RetailStore\backend\dist\src\main.js
    at Function._resolveFilename (node:internal/modules/cjs/loader:1244:15)
    at Function._load (node:internal/modules/cjs/loader:1070:27)
    at TracingChannel.traceSync (node:diagnostics_channel:322:14)
    at wrapModuleLoad (node:internal/modules/cjs/loader:217:24)
    at Module.require (node:internal/modules/cjs/loader:1335:12)
    at require (node:internal/modules/helpers:136:16)
    at Object.<anonymous> (C:\Users\hp\Desktop\RetailStore\backend\src\prisma\master-prisma.service.ts:2:1)
    at Module._compile (node:internal/modules/cjs/loader:1562:14)
    at Object..js (node:internal/modules/cjs/loader:1699:10)
    at Module.load (node:internal/modules/cjs/loader:1313:32) {
  code: 'MODULE_NOT_FOUND',
  requireStack: [
    'C:\\Users\\hp\\Desktop\\RetailStore\\backend\\dist\\src\\prisma\\master-prisma.service.js',
    'C:\\Users\\hp\\Desktop\\RetailStore\\backend\\dist\\src\\prisma\\prisma.module.js',
    'C:\\Users\\hp\\Desktop\\RetailStore\\backend\\dist\\src\\app.module.js',
    'C:\\Users\\hp\\Desktop\\RetailStore\\backend\\dist\\src\\main.js'
  ]
}

Node.js v22.13.1
